<?xml version="1.0" encoding="UTF-8"?>
<!-- Generated by org.testng.reporters.JUnitReportReporter -->
<testsuite hostname="EC2AMAZ-S11DBRH" failures="0" tests="4" name="ParallelTest.ParallelScript" time="0.016" errors="0" timestamp="2023-10-09T06:37:48 GMT" skipped="0">
  <testcase classname="ParallelTest.ParallelScript" name="testFour" time="0.011"/>
  <system-out/>
  <testcase classname="ParallelTest.ParallelScript" name="testTwo" time="0.001"/>
  <system-out/>
  <testcase classname="ParallelTest.ParallelScript" name="testOne" time="0.002"/>
  <system-out/>
  <testcase classname="ParallelTest.ParallelScript" name="testThree" time="0.002"/>
  <system-out/>
</testsuite> <!-- ParallelTest.ParallelScript -->
