<?xml version="1.0" encoding="UTF-8"?>
<!-- Generated by org.testng.reporters.JUnitReportReporter -->
<testsuite hostname="EC2AMAZ-S11DBRH" failures="0" tests="4" name="ParallelTest.SampleTwoTest" time="0.054" errors="0" timestamp="2023-10-09T07:22:35 GMT" skipped="0">
  <testcase classname="ParallelTest.SampleTwoTest" name="testFour" time="0.019"/>
  <system-out/>
  <testcase classname="ParallelTest.SampleTwoTest" name="testFour" time="0.008"/>
  <system-out/>
  <testcase classname="ParallelTest.SampleTwoTest" name="testFour" time="0.024"/>
  <system-out/>
  <testcase classname="ParallelTest.SampleTwoTest" name="testFour" time="0.003"/>
  <system-out/>
</testsuite> <!-- ParallelTest.SampleTwoTest -->
