<?xml version="1.0" encoding="UTF-8"?>
<!-- Generated by org.testng.reporters.JUnitReportReporter -->
<testsuite hostname="EC2AMAZ-S11DBRH" failures="0" tests="4" name="ParallelTest.SampleThreeTest" time="0.031" errors="0" timestamp="2023-10-09T07:18:12 GMT" skipped="0">
  <testcase classname="ParallelTest.SampleThreeTest" name="testFour" time="0.012"/>
  <system-out/>
  <testcase classname="ParallelTest.SampleThreeTest" name="testTwo" time="0.003"/>
  <system-out/>
  <testcase classname="ParallelTest.SampleThreeTest" name="testThree" time="0.003"/>
  <system-out/>
  <testcase classname="ParallelTest.SampleThreeTest" name="testOne" time="0.013"/>
  <system-out/>
</testsuite> <!-- ParallelTest.SampleThreeTest -->
