<?xml version="1.0" encoding="UTF-8"?>
<!-- Generated by org.testng.reporters.JUnitReportReporter -->
<testsuite hostname="EC2AMAZ-S11DBRH" failures="0" tests="4" name="testNG.SampleThreeTest" time="0.015" errors="0" timestamp="2023-10-09T06:51:44 GMT" skipped="0">
  <testcase classname="testNG.SampleThreeTest" name="testOne" time="0.002"/>
  <system-out/>
  <testcase classname="testNG.SampleThreeTest" name="testThree" time="0.002"/>
  <system-out/>
  <testcase classname="testNG.SampleThreeTest" name="testTwo" time="0.001"/>
  <system-out/>
  <testcase classname="testNG.SampleThreeTest" name="testFour" time="0.010"/>
  <system-out/>
</testsuite> <!-- testNG.SampleThreeTest -->
