<?xml version="1.0" encoding="UTF-8"?>
<!-- Generated by org.testng.reporters.JUnitReportReporter -->
<testsuite hostname="EC2AMAZ-S11DBRH" failures="0" tests="4" name="testNG.SampleFourTest" time="0.011" errors="0" timestamp="2023-10-09T06:51:44 GMT" skipped="0">
  <testcase classname="testNG.SampleFourTest" name="testThree" time="0.002"/>
  <system-out/>
  <testcase classname="testNG.SampleFourTest" name="testTwo" time="0.005"/>
  <system-out/>
  <testcase classname="testNG.SampleFourTest" name="testOne" time="0.002"/>
  <system-out/>
  <testcase classname="testNG.SampleFourTest" name="testFour" time="0.002"/>
  <system-out/>
</testsuite> <!-- testNG.SampleFourTest -->
