<?xml version="1.0" encoding="UTF-8"?>
<!-- Generated by org.testng.reporters.JUnitReportReporter -->
<testsuite hostname="EC2AMAZ-S11DBRH" failures="0" tests="1" name="testNG.NewTest" time="7.458" errors="0" timestamp="2023-10-09T04:59:21 GMT" skipped="0">
  <testcase classname="testNG.NewTest" name="TestClass" time="7.458"/>
  <system-out/>
</testsuite> <!-- testNG.NewTest -->
